Sep 09, 2015 5:00:02 AM org.apache.catalina.core.StandardServer await
INFO: A valid shutdown command was received via the shutdown port. Stopping the Server instance.
Sep 09, 2015 5:00:02 AM org.apache.coyote.AbstractProtocol pause
INFO: Pausing ProtocolHandler ["http-bio-8301"]
Sep 09, 2015 5:00:02 AM org.apache.coyote.AbstractProtocol pause
INFO: Pausing ProtocolHandler ["ajp-bio-8309"]
Sep 09, 2015 5:00:02 AM org.apache.catalina.core.StandardService stopInternal
INFO: Stopping service Catalina
Sep 09, 2015 5:00:02 AM com.fr.third.org.quartz.core.QuartzScheduler shutdown
INFO: Scheduler QuartzScheduler_$_NON_CLUSTERED shutting down.
Sep 09, 2015 5:00:02 AM com.fr.third.org.quartz.core.QuartzScheduler standby
INFO: Scheduler QuartzScheduler_$_NON_CLUSTERED paused.
Sep 09, 2015 5:00:02 AM com.fr.third.org.quartz.core.QuartzScheduler shutdown
INFO: Scheduler QuartzScheduler_$_NON_CLUSTERED shutdown complete.
Sep 09, 2015 5:00:03 AM org.apache.catalina.loader.WebappClassLoader clearReferencesJdbc
SEVERE: The web application [/] registered the JDBC driver [com.fr.third.org.hsqldb.jdbcDriver] but failed to unregister it when the web application was stopped. To prevent a memory leak, the JDBC Driver has been forcibly unregistered.
Sep 09, 2015 5:00:03 AM org.apache.catalina.loader.WebappClassLoader clearReferencesThreads
SEVERE: The web application [/] appears to have started a thread named [Timer-6] but has failed to stop it. This is very likely to create a memory leak.
Sep 09, 2015 5:00:03 AM org.apache.catalina.loader.WebappClassLoader clearReferencesThreads
SEVERE: The web application [/] appears to have started a thread named [Timer-7] but has failed to stop it. This is very likely to create a memory leak.
Sep 09, 2015 5:00:03 AM org.apache.catalina.loader.WebappClassLoader clearReferencesThreads
SEVERE: The web application [/] appears to have started a thread named [Timer-8] but has failed to stop it. This is very likely to create a memory leak.
Sep 09, 2015 5:00:03 AM org.apache.catalina.loader.WebappClassLoader checkThreadLocalMapForLeaks
SEVERE: The web application [/] created a ThreadLocal with key of type [java.lang.ThreadLocal] (value [java.lang.ThreadLocal@30bab202]) and a value of type [com.fr.web.core.ReportSessionIDInfor] (value [com.fr.web.core.ReportSessionIDInfor@30fcba4c]) but failed to remove it when the web application was stopped. Threads are going to be renewed over time to try and avoid a probable memory leak.
Sep 09, 2015 5:00:03 AM org.apache.catalina.loader.WebappClassLoader checkThreadLocalMapForLeaks
SEVERE: The web application [/] created a ThreadLocal with key of type [java.lang.ThreadLocal] (value [java.lang.ThreadLocal@30bab202]) and a value of type [com.fr.web.core.ReportSessionIDInfor] (value [com.fr.web.core.ReportSessionIDInfor@202aecb4]) but failed to remove it when the web application was stopped. Threads are going to be renewed over time to try and avoid a probable memory leak.
Sep 09, 2015 5:00:03 AM org.apache.catalina.loader.WebappClassLoader checkThreadLocalMapForLeaks
SEVERE: The web application [/] created a ThreadLocal with key of type [java.lang.ThreadLocal] (value [java.lang.ThreadLocal@30bab202]) and a value of type [com.fr.web.core.ReportSessionIDInfor] (value [com.fr.web.core.ReportSessionIDInfor@621a2deb]) but failed to remove it when the web application was stopped. Threads are going to be renewed over time to try and avoid a probable memory leak.
Sep 09, 2015 5:00:03 AM org.apache.catalina.loader.WebappClassLoader checkThreadLocalMapForLeaks
SEVERE: The web application [/] created a ThreadLocal with key of type [java.lang.ThreadLocal] (value [java.lang.ThreadLocal@30bab202]) and a value of type [com.fr.web.core.ReportSessionIDInfor] (value [com.fr.web.core.ReportSessionIDInfor@24bcd19e]) but failed to remove it when the web application was stopped. Threads are going to be renewed over time to try and avoid a probable memory leak.
Sep 09, 2015 5:00:03 AM org.apache.catalina.loader.WebappClassLoader checkThreadLocalMapForLeaks
SEVERE: The web application [/] created a ThreadLocal with key of type [java.lang.ThreadLocal] (value [java.lang.ThreadLocal@30bab202]) and a value of type [com.fr.web.core.ReportSessionIDInfor] (value [com.fr.web.core.ReportSessionIDInfor@6865eee9]) but failed to remove it when the web application was stopped. Threads are going to be renewed over time to try and avoid a probable memory leak.
Sep 09, 2015 5:00:03 AM org.apache.catalina.loader.WebappClassLoader checkThreadLocalMapForLeaks
SEVERE: The web application [/] created a ThreadLocal with key of type [java.lang.ThreadLocal] (value [java.lang.ThreadLocal@30bab202]) and a value of type [com.fr.web.core.ReportSessionIDInfor] (value [com.fr.web.core.ReportSessionIDInfor@725d5165]) but failed to remove it when the web application was stopped. Threads are going to be renewed over time to try and avoid a probable memory leak.
Sep 09, 2015 5:00:03 AM org.apache.coyote.AbstractProtocol stop
INFO: Stopping ProtocolHandler ["http-bio-8301"]
Sep 09, 2015 5:00:03 AM org.apache.coyote.AbstractProtocol stop
INFO: Stopping ProtocolHandler ["ajp-bio-8309"]
Sep 09, 2015 5:00:03 AM org.apache.coyote.AbstractProtocol destroy
INFO: Destroying ProtocolHandler ["http-bio-8301"]
Sep 09, 2015 5:00:03 AM org.apache.coyote.AbstractProtocol destroy
INFO: Destroying ProtocolHandler ["ajp-bio-8309"]
Sep 09, 2015 5:01:02 AM org.apache.catalina.core.AprLifecycleListener init
INFO: The APR based Apache Tomcat Native library which allows optimal performance in production environments was not found on the java.library.path: /usr/java/packages/lib/amd64:/usr/lib64:/lib64:/lib:/usr/lib
Sep 09, 2015 5:01:03 AM org.apache.coyote.AbstractProtocol init
INFO: Initializing ProtocolHandler ["http-bio-8301"]
Sep 09, 2015 5:01:03 AM org.apache.coyote.AbstractProtocol init
INFO: Initializing ProtocolHandler ["ajp-bio-8309"]
Sep 09, 2015 5:01:03 AM org.apache.catalina.startup.Catalina load
INFO: Initialization processed in 617 ms
Sep 09, 2015 5:01:03 AM org.apache.catalina.core.StandardService startInternal
INFO: Starting service Catalina
Sep 09, 2015 5:01:03 AM org.apache.catalina.core.StandardEngine startInternal
INFO: Starting Servlet Engine: Apache Tomcat/7.0.47
Sep 09, 2015 5:01:10 AM com.fr.third.org.quartz.core.SchedulerSignalerImpl <init>
INFO: Initialized Scheduler Signaller of type: class com.fr.third.org.quartz.core.SchedulerSignalerImpl
Sep 09, 2015 5:01:10 AM com.fr.third.org.quartz.core.QuartzScheduler <init>
INFO: Quartz Scheduler v.UNKNOWN.UNKNOWN.UNKNOWN created.
Sep 09, 2015 5:01:10 AM com.fr.third.org.quartz.impl.jdbcjobstore.JobStoreSupport initialize
INFO: Using thread monitor-based data access locking (synchronization).
Sep 09, 2015 5:01:10 AM com.fr.third.org.quartz.impl.jdbcjobstore.JobStoreSupport cleanVolatileTriggerAndJobs
INFO: Removed 0 Volatile Trigger(s).
Sep 09, 2015 5:01:10 AM com.fr.third.org.quartz.impl.jdbcjobstore.JobStoreSupport cleanVolatileTriggerAndJobs
INFO: Removed 0 Volatile Job(s).
Sep 09, 2015 5:01:10 AM com.fr.third.org.quartz.impl.jdbcjobstore.JobStoreTX initialize
INFO: JobStoreTX initialized.
Sep 09, 2015 5:01:10 AM com.fr.third.org.quartz.impl.StdSchedulerFactory instantiate
INFO: Quartz scheduler 'QuartzScheduler' initialized from an externally provided properties instance.
Sep 09, 2015 5:01:10 AM com.fr.third.org.quartz.impl.StdSchedulerFactory instantiate
INFO: Quartz scheduler version: UNKNOWN.UNKNOWN.UNKNOWN
Sep 09, 2015 5:01:10 AM com.fr.third.org.quartz.impl.jdbcjobstore.JobStoreSupport recoverJobs
INFO: Freed 0 triggers from 'acquired' / 'blocked' state.
Sep 09, 2015 5:01:10 AM com.fr.third.org.quartz.impl.jdbcjobstore.JobStoreSupport recoverJobs
INFO: Recovering 0 jobs that were in-progress at the time of the last shut-down.
Sep 09, 2015 5:01:10 AM com.fr.third.org.quartz.impl.jdbcjobstore.JobStoreSupport recoverJobs
INFO: Recovery complete.
Sep 09, 2015 5:01:10 AM com.fr.third.org.quartz.impl.jdbcjobstore.JobStoreSupport recoverJobs
INFO: Removed 0 'complete' triggers.
Sep 09, 2015 5:01:10 AM com.fr.third.org.quartz.impl.jdbcjobstore.JobStoreSupport recoverJobs
INFO: Removed 0 stale fired job entries.
Sep 09, 2015 5:01:10 AM com.fr.third.org.quartz.core.QuartzScheduler start
INFO: Scheduler QuartzScheduler_$_NON_CLUSTERED started.
Sep 09, 2015 5:01:10 AM org.apache.catalina.startup.HostConfig deployDirectory
INFO: Deploying web application directory /usr/local/services/report.woqu.com/work/Catalina
Sep 09, 2015 5:01:10 AM org.apache.coyote.AbstractProtocol start
INFO: Starting ProtocolHandler ["http-bio-8301"]
Sep 09, 2015 5:01:10 AM org.apache.coyote.AbstractProtocol start
INFO: Starting ProtocolHandler ["ajp-bio-8309"]
Sep 09, 2015 5:01:10 AM org.apache.catalina.startup.Catalina start
INFO: Server startup in 7697 ms
